WARNING:discord.client:PyNaCl is not installed, voice will NOT be supported
INFO:bruno_logger:bruno!#4763 is listening to guild Brown '25
INFO:bruno_logger:bruno!#4763 wants to say Good Morning! in #general
INFO:bruno_logger:Waiting to enter goodmorning loop
WARNING:discord.client:PyNaCl is not installed, voice will NOT be supported
INFO:bruno_logger:bruno!#4763 is listening to guild Brown '25
INFO:bruno_logger:bruno!#4763 wants to say Good Morning! in #general
INFO:bruno_logger:Waiting to enter goodmorning loop
WARNING:discord.client:PyNaCl is not installed, voice will NOT be supported
INFO:bruno_logger:bruno!#4763 is listening to guild Brown '25
INFO:bruno_logger:bruno!#4763 wants to say Good Morning! in #general
INFO:bruno_logger:Waiting to enter goodmorning loop
WARNING:discord.client:PyNaCl is not installed, voice will NOT be supported
INFO:bruno_logger:bruno!#4763 is listening to guild Brown '25
INFO:bruno_logger:bruno!#4763 wants to say Good Morning! in #general
INFO:bruno_logger:Waiting to enter goodmorning loop
WARNING:discord.client:PyNaCl is not installed, voice will NOT be supported
INFO:bruno_logger:bruno!#4763 is listening to guild Brown '25
INFO:bruno_logger:bruno!#4763 wants to say Good Morning! in #general
INFO:bruno_logger:Waiting to enter goodmorning loop
WARNING:discord.client:PyNaCl is not installed, voice will NOT be supported
INFO:bruno_logger:bruno!#4763 is listening to guild Brown '25
INFO:bruno_logger:bruno!#4763 wants to say Good Morning! in #general
INFO:bruno_logger:Waiting to enter goodmorning loop
WARNING:discord.client:PyNaCl is not installed, voice will NOT be supported
WARNING:discord.client:PyNaCl is not installed, voice will NOT be supported
INFO:bruno_logger:bruno!#4763 is listening to guild Brown '25
INFO:bruno_logger:bruno!#4763 wants to say Good Morning! in #general
INFO:bruno_logger:Waiting to enter goodmorning loop
ERROR:bruno_logger:Error in verify_me: args (('me', 'please'),)
Traceback (most recent call last):
  File "/home/ec2-user/bruno_bot/bruno_bot/bot.py", line 302, in verify_me
    if args[0].lower().startswith('<@!'):
AttributeError: 'tuple' object has no attribute 'lower'
INFO:bruno_logger:Gave member jaecity#8641 role BIO200 BIO200 Placements
WARNING:discord.client:PyNaCl is not installed, voice will NOT be supported
INFO:bruno_logger:bruno!#4763 is listening to guild Brown '25
INFO:bruno_logger:bruno!#4763 wants to say Good Morning! in #general
INFO:bruno_logger:Waiting to enter goodmorning loop
WARNING:discord.client:PyNaCl is not installed, voice will NOT be supported
WARNING:discord.client:PyNaCl is not installed, voice will NOT be supported
WARNING:discord.client:PyNaCl is not installed, voice will NOT be supported
INFO:bruno_logger:bruno!#4763 is listening to guild Brown '25
INFO:bruno_logger:bruno!#4763 wants to say Good Morning! in #general
INFO:bruno_logger:Waiting to enter goodmorning loop
DEBUG:bruno_logger:('faqs', 'please')
WARNING:discord.client:PyNaCl is not installed, voice will NOT be supported
INFO:bruno_logger:bruno!#4763 is listening to guild Brown '25
INFO:bruno_logger:bruno!#4763 wants to say Good Morning! in #general
INFO:bruno_logger:Waiting to enter goodmorning loop
DEBUG:bruno_logger:('faqs', 'please')
WARNING:discord.client:PyNaCl is not installed, voice will NOT be supported
INFO:bruno_logger:bruno!#4763 is listening to guild Brown '25
INFO:bruno_logger:bruno!#4763 wants to say Good Morning! in #general
INFO:bruno_logger:Waiting to enter goodmorning loop
DEBUG:bruno_logger:('faqs', 'please')
DEBUG:bruno_logger:('me', 'please')
DEBUG:bruno_logger:('<@!555562814480187396>', 'please')
WARNING:discord.client:PyNaCl is not installed, voice will NOT be supported
INFO:bruno_logger:bruno!#4763 is listening to guild Brown '25
INFO:bruno_logger:bruno!#4763 wants to say Good Morning! in #general
INFO:bruno_logger:Waiting to enter goodmorning loop
DEBUG:bruno_logger:('<@!555562814480187396>', 'please')
DEBUG:bruno_logger:('<@!167424623691038720>', 'please')
DEBUG:bruno_logger:('<@!189795800723750912>', 'please')
INFO:bruno_logger:Gave member BlueWhale#4369 role CHEM330 CHEM330 Placements
INFO:bruno_logger:Gave member BlueWhale#4369 role BIO200 BIO200 Placements
INFO:bruno_logger:Gave member artemagvanian#3468 role CS19 CS19 Placements
INFO:bruno_logger:Gave member shrubberi#7547 role CHEM330 CHEM330 Placements
INFO:bruno_logger:Gave member shrubberi#7547 role topics Sports
INFO:bruno_logger:Gave member shrubberi#7547 role topics Pets
INFO:bruno_logger:Gave member shrubberi#7547 role topics Technology
DEBUG:bruno_logger:('me', 'please')
INFO:bruno_logger:Gave member brian#8762 role CHEM330 CHEM330 Placements
INFO:bruno_logger:Gave member DominicanZoro#8718 role BIO200 BIO200 Placements
DEBUG:bruno_logger:('me', 'please')
DEBUG:bruno_logger:('<@!817966239804686347>', 'please')
INFO:bruno_logger:Gave member AlmostBismuth#9464 role pronouns he/him
INFO:bruno_logger:Gave member AlmostBismuth#9464 role topics Politics
INFO:bruno_logger:Gave member AlmostBismuth#9464 role topics Music
INFO:bruno_logger:Gave member NitTheKit#3409 role pronouns he/him
INFO:bruno_logger:Gave member NitTheKit#3409 role topics Anime
INFO:bruno_logger:Gave member NitTheKit#3409 role topics Literature
INFO:bruno_logger:Gave member NitTheKit#3409 role topics Shows and Movies
INFO:bruno_logger:Gave member NitTheKit#3409 role topics Gaming
INFO:bruno_logger:Gave member NitTheKit#3409 role topics Technology
INFO:bruno_logger:Entering goodmorning loop
INFO:bruno_logger:Good morning!
INFO:bruno_logger:Gave member samlatz#8693 role topics Pets
DEBUG:bruno_logger:('me', 'please')
DEBUG:bruno_logger:('me', 'please')
DEBUG:bruno_logger:('me', 'please')
INFO:bruno_logger:Gave member MiahRiah#8050 role topics Anime
INFO:bruno_logger:Gave member MiahRiah#8050 role topics Music
INFO:bruno_logger:Gave member chloekim#4695 role CHEM330 CHEM330 Placements
INFO:bruno_logger:Gave member chloekim#4695 role BIO200 BIO200 Placements
INFO:bruno_logger:Gave member gong#4833 role CS19 CS19 Placements
INFO:bruno_logger:Good morning!
DEBUG:bruno_logger:('faqs', 'please')
DEBUG:bruno_logger:('roles', 'please')
DEBUG:bruno_logger:('halls', 'please')
DEBUG:bruno_logger:('roles', 'please')
DEBUG:bruno_logger:('halls', 'please')
DEBUG:bruno_logger:('halls', 'please')
INFO:bruno_logger:Gave member rphawks#3988 role halls Metcalf
INFO:bruno_logger:Gave member c ozarow#8800 role halls Andrews
INFO:bruno_logger:Gave member Toti#8959 role halls Andrews
INFO:bruno_logger:Gave member Karis#7881 role halls Andrews
INFO:bruno_logger:Gave member byron#5885 role halls Andrews
DEBUG:bruno_logger:('halls', 'please')
INFO:bruno_logger:Gave member hmm#7012 role halls Andrews
INFO:bruno_logger:Gave member abby_s_24#1676 role halls Andrews
INFO:bruno_logger:Gave member Plyhx#0463 role halls Miller
INFO:bruno_logger:Gave member byron#5885 role halls Andrews
INFO:bruno_logger:Gave member june#3407 role halls Archibald-Bronson
INFO:bruno_logger:Gave member bwv#7857 role halls Miller
INFO:bruno_logger:Gave member jujuno#2966 role halls Andrews
INFO:bruno_logger:Gave member Mia Richter#5223 role halls Archibald-Bronson
INFO:bruno_logger:Gave member ashleynguyen#4106 role halls Andrews
INFO:bruno_logger:Gave member JakeC#3086 role halls Morriss
INFO:bruno_logger:Gave member Kelsey Smith (DC)#2623 role halls Woolley
INFO:bruno_logger:Gave member ashleynguyen#4106 role halls Andrews
INFO:bruno_logger:Gave member JakeC#3086 role halls Morriss
INFO:bruno_logger:Gave member wonjin#4005 role halls Andrews
INFO:bruno_logger:Gave member franchester#8012 role halls Andrews
INFO:bruno_logger:Gave member icedkarim#6526 role halls Andrews
INFO:bruno_logger:Gave member Devon#7621 role halls Andrews
INFO:bruno_logger:Gave member eric#6757 role halls Morriss
INFO:bruno_logger:Gave member sky#2276 role halls Andrews
INFO:bruno_logger:Gave member 444sunshine#9698 role halls Archibald-Bronson
INFO:bruno_logger:Gave member Ben G#9919 role halls Woolley
INFO:bruno_logger:Gave member MiahRiah#8050 role halls Andrews
INFO:bruno_logger:Gave member Vera#6356 role halls Everett-Poland
INFO:bruno_logger:Gave member 444sunshine#9698 role halls Archibald-Bronson
INFO:bruno_logger:Gave member ERIC_EX🍭🐢#6269 role halls Andrews
INFO:bruno_logger:Gave member Ayla (CT)#2153 role halls Wayland
INFO:bruno_logger:Gave member DanTheMan#8562 role halls Andrews
INFO:bruno_logger:Gave member DanielaP#9960 role halls Miller
INFO:bruno_logger:Gave member Kaleb🪐 (Jacksonville, FL)#8914 role halls Andrews
INFO:bruno_logger:Gave member JimmyZhang#9826 role halls Metcalf
INFO:bruno_logger:Gave member Ayla (CT)#2153 role halls Wayland
INFO:bruno_logger:Gave member jujuno#2966 role halls Andrews
INFO:bruno_logger:Gave member SteinwayThor#8571 role halls Jameson-Mead
INFO:bruno_logger:Gave member 444sunshine#9698 role halls Archibald-Bronson
INFO:bruno_logger:Gave member Zarbib#2154 role halls Everett-Poland
INFO:bruno_logger:Gave member hmm#7012 role halls Andrews
INFO:bruno_logger:Gave member wonjin#4005 role halls Andrews
INFO:bruno_logger:Gave member c ozarow#8800 role halls Andrews
INFO:bruno_logger:Gave member toripop#4090 role halls Emery
INFO:bruno_logger:Gave member Mitchman215#4218 role halls Andrews
INFO:bruno_logger:Gave member AnayatheUnicorn#7600 role halls Andrews
INFO:bruno_logger:Gave member tararat#0415 role halls Miller
INFO:bruno_logger:Gave member Kelsey Smith (DC)#2623 role halls Woolley
INFO:bruno_logger:Gave member averagetaco#1107 role halls Andrews
INFO:bruno_logger:Gave member iancredible9#9072 role halls Wayland
INFO:bruno_logger:Gave member Sarahi#0229 role halls New Pembroke 4
INFO:bruno_logger:Gave member Sean#3798 role halls Morriss
INFO:bruno_logger:Gave member CalebMoran#5913 role halls New Pembroke 4
INFO:bruno_logger:Gave member Rosie#7160 role halls Archibald-Bronson
INFO:bruno_logger:Gave member Rachellik2#4227 role halls Morriss
INFO:bruno_logger:Gave member deshler#8987 role halls Andrews
INFO:bruno_logger:Gave member wonjin#4005 role halls Andrews
INFO:bruno_logger:Gave member CalebMoran#5913 role halls New Pembroke 4
INFO:bruno_logger:Gave member Leg0#0867 role halls Miller
INFO:bruno_logger:Gave member chezgr8r#0544 role halls Andrews
INFO:bruno_logger:Gave member jdsuh.co#5749 role halls Metcalf
INFO:bruno_logger:Gave member Nathan_H#6760 role halls Morriss
INFO:bruno_logger:Gave member Napples#5800 role halls Andrews
INFO:bruno_logger:Gave member Hazem Abdel-Megid#2312 role halls Wayland
INFO:bruno_logger:Gave member gong#4833 role halls Andrews
INFO:bruno_logger:Gave member c u r s e d#9592 role halls Andrews
INFO:bruno_logger:Gave member andb#3885 role halls Miller
INFO:bruno_logger:Gave member lukey#1693 role halls Archibald-Bronson
INFO:bruno_logger:Gave member 444sunshine#9698 role halls Archibald-Bronson
INFO:bruno_logger:Gave member I'm scared#0396 role halls Andrews
INFO:bruno_logger:Gave member eve#3229 role halls Andrews
INFO:bruno_logger:Gave member stellache.n#5211 role halls Andrews
INFO:bruno_logger:Gave member hrpowers9#6699 role halls Miller
INFO:bruno_logger:Gave member ivan_#0641 role halls Morriss
INFO:bruno_logger:Gave member gray#7101 role halls Archibald-Bronson
INFO:bruno_logger:Gave member SteinwayThor#8571 role halls Jameson-Mead
INFO:bruno_logger:Gave member tgrandolfo#3274 role halls Miller
INFO:bruno_logger:Gave member averagetaco#1107 role halls Metcalf
INFO:bruno_logger:Gave member Mr. Hook#9528 role halls Woolley
INFO:bruno_logger:Gave member rphawks#3988 role halls Metcalf
INFO:bruno_logger:Gave member msun5040#9997 role halls Wayland
INFO:bruno_logger:Gave member willm#7691 role halls Archibald-Bronson
INFO:bruno_logger:Gave member zsusini#1633 role halls Andrews
INFO:bruno_logger:Gave member euroliis#1006 role halls Metcalf
INFO:bruno_logger:Gave member sqin#3425 role halls Andrews
INFO:bruno_logger:Gave member AlmostBismuth#9464 role halls Jameson-Mead
INFO:bruno_logger:Gave member gray#7101 role halls Morriss
INFO:bruno_logger:Gave member brillianced#4279 role halls Andrews
INFO:bruno_logger:Gave member braydengg#0332 role halls Andrews
INFO:bruno_logger:Gave member Emma P#8259 role halls Emery
INFO:bruno_logger:Gave member Emma P#8259 role halls Woolley
INFO:bruno_logger:Gave member joseppine#6587 role halls Wayland
INFO:bruno_logger:Gave member ava#9018 role halls Andrews
INFO:bruno_logger:Gave member ava#9018 role halls Andrews
INFO:bruno_logger:Gave member Bnav#4735 role halls Jameson-Mead
INFO:bruno_logger:Gave member tw_ed2027#2257 role halls Andrews
INFO:bruno_logger:Gave member rohan-krishnan#2834 role halls Jameson-Mead
DEBUG:bruno_logger:('halls', 'please')
INFO:bruno_logger:Gave member Vera#6356 role halls Everett-Poland
INFO:bruno_logger:Gave member Tyson#5420 role halls Emery
INFO:bruno_logger:Gave member neil.shah#4446 role halls Jameson-Mead
INFO:bruno_logger:Gave member Tyson#5420 role halls Andrews
INFO:bruno_logger:Gave member yasabee#6195 role halls Andrews
INFO:bruno_logger:Gave member DanTheMan#8562 role halls Andrews
INFO:bruno_logger:Gave member oian#5172 role halls Morriss
INFO:bruno_logger:Gave member jmw42#5155 role halls Champlin
DEBUG:bruno_logger:('halls', 'please')
INFO:bruno_logger:Gave member Jumpropegirl77#6991 role halls Jameson-Mead
INFO:bruno_logger:Gave member Jumpropegirl77#6991 role halls Jameson-Mead
DEBUG:bruno_logger:('halls', 'please')
INFO:bruno_logger:Gave member DanTheMan#8562 role halls Andrews
INFO:bruno_logger:Gave member Anneka#3769 role halls Metcalf
INFO:bruno_logger:Gave member AskSid#8884 role halls Woolley
INFO:bruno_logger:Gave member Siji Soetan#6393 role halls Andrews
INFO:bruno_logger:Gave member stoober#1868 role halls Andrews
INFO:bruno_logger:Gave member AskSid#8884 role halls Woolley
INFO:bruno_logger:Gave member Ela Tara#0613 role halls Morriss
INFO:bruno_logger:Gave member Dave Lubawski (Pittsburgh Pa)#0747 role halls Champlin
INFO:bruno_logger:Gave member Lilackk#3088 role halls Archibald-Bronson
INFO:bruno_logger:Gave member Luc#3642 role halls Archibald-Bronson
INFO:bruno_logger:Gave member Soul#9273 role halls Andrews
INFO:bruno_logger:Gave member Ben G#9919 role halls Woolley
INFO:bruno_logger:Gave member Ben G#9919 role halls Woolley
INFO:bruno_logger:Gave member byron#5885 role halls Andrews
INFO:bruno_logger:Gave member ashleynguyen#4106 role halls Andrews
INFO:bruno_logger:Gave member Lixopherix#5353 role halls Metcalf
INFO:bruno_logger:Gave member lokhun#9504 role halls Andrews
INFO:bruno_logger:Gave member audrey#5293 role halls Jameson-Mead
INFO:bruno_logger:Gave member MithiJ#0900 role halls Andrews
INFO:bruno_logger:Gave member Jace#0630 role halls Metcalf
INFO:bruno_logger:Gave member Devon#7621 role halls Andrews
INFO:bruno_logger:Gave member Devon#7621 role halls Andrews
INFO:bruno_logger:Gave member Linus#0413 role halls Jameson-Mead
INFO:bruno_logger:Gave member vdylan#1193 role halls Jameson-Mead
INFO:bruno_logger:Gave member żžż#6478 role halls Morriss
INFO:bruno_logger:Gave member Jumpropegirl77#6991 role halls Andrews
INFO:bruno_logger:Gave member żžż#6478 role halls Andrews
INFO:bruno_logger:Gave member shawls#1190 role halls Andrews
INFO:bruno_logger:Gave member c_steps#5693 role halls Andrews
INFO:bruno_logger:Gave member Lifeless#9484 role halls Archibald-Bronson
INFO:bruno_logger:Gave member EtomicBomb#4450 role halls Jameson-Mead
INFO:bruno_logger:Gave member Mapzilla#0784 role halls New Pembroke 4
INFO:bruno_logger:Gave member dy#0544 role halls Everett-Poland
INFO:bruno_logger:Gave member kylie#2136 role halls Metcalf
INFO:bruno_logger:Gave member flymetothemoon#4732 role halls Jameson-Mead
INFO:bruno_logger:Gave member BlueWhale#4369 role halls Jameson-Mead
INFO:bruno_logger:Gave member DanielaP#9960 role halls Miller
INFO:bruno_logger:Gave member tiffknee#5314 role halls Metcalf
INFO:bruno_logger:Gave member Ava Ward#1153 role halls Andrews
INFO:bruno_logger:Gave member BlairAC#8713 role halls Woolley
INFO:bruno_logger:Gave member chloekim#4695 role halls Jameson-Mead
INFO:bruno_logger:Gave member catiem03#6303 role halls Andrews
INFO:bruno_logger:Gave member Ava Ward#1153 role halls Andrews
INFO:bruno_logger:Gave member Ava Ward#1153 role halls Andrews
INFO:bruno_logger:Gave member BlairAC#8713 role halls Emery
INFO:bruno_logger:Gave member charels#2214 role halls Wayland
INFO:bruno_logger:Gave member charels#2214 role halls Wayland
INFO:bruno_logger:Gave member ketone#3450 role halls Andrews
INFO:bruno_logger:Gave member Ava Ward#1153 role halls Andrews
INFO:bruno_logger:Gave member samiyra#4786 role halls New Pembroke 4
INFO:bruno_logger:Gave member Meghan#7259 role halls Andrews
INFO:bruno_logger:Gave member fy33#6531 role halls Jameson-Mead
DEBUG:bruno_logger:('halls', 'please')
INFO:bruno_logger:Gave member angelinariosgalindo 🥑 socal#9435 role halls New Pembroke 4
INFO:bruno_logger:Gave member toripop#4090 role halls Emery
INFO:bruno_logger:Gave member Floydo1#4241 role halls Champlin
INFO:bruno_logger:Gave member Everett#6492 role halls Miller
INFO:bruno_logger:Gave member Vera#6356 role halls Everett-Poland
INFO:bruno_logger:Gave member aj1062#6368 role halls Andrews
INFO:bruno_logger:Gave member annaryu8#1700 role halls Jameson-Mead
INFO:bruno_logger:Gave member anna.m.z#2868 role halls Andrews
INFO:bruno_logger:Gave member Elena!#7119 role halls Woolley
INFO:bruno_logger:Gave member Pravlav Marbleshaker#4681 role halls Archibald-Bronson
INFO:bruno_logger:Gave member flymetothemoon#4732 role halls Jameson-Mead
INFO:bruno_logger:Gave member Ben G#9919 role halls Woolley
INFO:bruno_logger:Gave member sky#2276 role halls Andrews
INFO:bruno_logger:Gave member +M Or Low#3047 role halls Woolley
INFO:bruno_logger:Gave member Scott Petersen - ME (He/Him)#7437 role halls Woolley
INFO:bruno_logger:Gave member ivyzpoint#1360 role halls Everett-Poland
INFO:bruno_logger:Gave member Kiritsugu#7581 role halls Andrews
INFO:bruno_logger:Gave member ivyzpoint#1360 role halls Everett-Poland
INFO:bruno_logger:Gave member Shamel#9647 role halls Andrews
INFO:bruno_logger:Gave member kaitlyn (she/her)#0691 role halls Andrews
INFO:bruno_logger:Gave member chicken28#7427 role halls Andrews
INFO:bruno_logger:Gave member torelar#2439 role halls New Pembroke 4
INFO:bruno_logger:Gave member Cascadiuh#6333 role halls Miller
DEBUG:bruno_logger:('halls', 'please')
INFO:bruno_logger:Gave member ivyyyyy#8588 role halls Archibald-Bronson
INFO:bruno_logger:Gave member MiahRiah#8050 role halls Andrews
INFO:bruno_logger:Gave member Afrosamurai5891#3675 role halls Andrews
INFO:bruno_logger:Gave member BAREBEQUE#4744 role halls Miller
INFO:bruno_logger:Gave member MiahRiah#8050 role halls Andrews
INFO:bruno_logger:Gave member duck#8619 role halls Andrews
INFO:bruno_logger:Gave member david tapper#8773 role halls Jameson-Mead
INFO:bruno_logger:Gave member Mapzilla#0784 role halls Everett-Poland
INFO:bruno_logger:Gave member duck#8619 role halls Andrews
INFO:bruno_logger:Gave member david tapper#8773 role halls Jameson-Mead
INFO:bruno_logger:Gave member Shaniqua C.#8002 role halls New Pembroke 4
INFO:bruno_logger:Gave member Thornside#5983 role halls Andrews
INFO:bruno_logger:Gave member brillianced#4279 role halls Andrews
INFO:bruno_logger:Gave member phone aurreco#3712 role halls Everett-Poland
INFO:bruno_logger:Gave member tararat#0415 role halls Miller
INFO:bruno_logger:Gave member Dawson#5107 role halls Champlin
INFO:bruno_logger:Gave member PirateKingJesus#1515 role halls Everett-Poland
INFO:bruno_logger:Gave member ptee03#9485 role halls New Pembroke 4
INFO:bruno_logger:Gave member kellerm03#5483 role halls Jameson-Mead
INFO:bruno_logger:Gave member DominicanZoro#8718 role halls Wayland
INFO:bruno_logger:Gave member Plyhx#0463 role halls Miller
DEBUG:bruno_logger:('me', 'please')
DEBUG:bruno_logger:('topics', 'please')
INFO:bruno_logger:Gave member jamie#6972 role halls Andrews
INFO:bruno_logger:Gave member phone aurreco#3712 role halls Everett-Poland
INFO:bruno_logger:Gave member Ellia Sweeney#3074 role CHEM330 CHEM330 Placements
DEBUG:bruno_logger:('faqs', 'please')
DEBUG:bruno_logger:('CHEM330', 'please')
INFO:bruno_logger:Gave member Ellia Sweeney#3074 role CHEM330 CHEM330 Placements
INFO:bruno_logger:Gave member Samuel Kim#0231 role halls Andrews
INFO:bruno_logger:Gave member Ava Ward#1153 role halls Andrews
INFO:bruno_logger:Gave member pauline nguyen#1028 role halls Everett-Poland
INFO:bruno_logger:Gave member _aleclippman#9872 role halls New Pembroke 4
INFO:bruno_logger:Gave member NitTheKit#3409 role halls Andrews
INFO:bruno_logger:Gave member _aleclippman#9872 role halls New Pembroke 4
INFO:bruno_logger:Gave member Devon#7621 role halls Andrews
INFO:bruno_logger:Gave member nickmister21#2313 role halls Jameson-Mead
INFO:bruno_logger:Gave member Freiigon#2659 role halls Emery
INFO:bruno_logger:Gave member TenChipsOfSalt#6158 role halls Andrews
INFO:bruno_logger:Gave member Freiigon#2659 role halls Emery
INFO:bruno_logger:Gave member AriChill#3331 role halls Miller
INFO:bruno_logger:Gave member Freiigon#2659 role halls Emery
INFO:bruno_logger:Gave member The Swan#3988 role halls Miller
INFO:bruno_logger:Gave member Madeline#0636 role halls Andrews
INFO:bruno_logger:Gave member B3astTam3r31#1396 role halls Miller
INFO:bruno_logger:Gave member B3astTam3r31#1396 role halls Morriss
INFO:bruno_logger:Gave member JayGopal#6731 role halls Andrews
INFO:bruno_logger:Gave member The Swan#3988 role halls Morriss
INFO:bruno_logger:Gave member Vedant#8637 role halls Andrews
INFO:bruno_logger:Gave member fruitycheerios#0463 role halls Andrews
INFO:bruno_logger:Gave member jaecity#8641 role halls Woolley
INFO:bruno_logger:Gave member AyushmanC#8486 role halls Andrews
INFO:bruno_logger:Gave member AyushmanC#8486 role halls Andrews
INFO:bruno_logger:Gave member AyushmanC#8486 role halls Andrews
INFO:bruno_logger:Gave member AyushmanC#8486 role halls Andrews
INFO:bruno_logger:Gave member Saul LL.#8422 role halls Wayland
INFO:bruno_logger:Gave member Azra#1111 role halls Metcalf
INFO:bruno_logger:Gave member Rachellik2#4227 role halls Morriss
INFO:bruno_logger:Gave member AyushmanC#8486 role halls Andrews
INFO:bruno_logger:Gave member Rachellik2#4227 role halls Morriss
INFO:bruno_logger:Gave member Saul LL.#8422 role halls Wayland
INFO:bruno_logger:Gave member oian#5172 role CHEM330 CHEM330 Placements
INFO:bruno_logger:Gave member Nani_fc#1225 role halls Everett-Poland
INFO:bruno_logger:Gave member Nani_fc#1225 role halls Everett-Poland
INFO:bruno_logger:Gave member orangey10#9786 role halls Jameson-Mead
INFO:bruno_logger:Gave member ellaru#1111 role halls Emery
INFO:bruno_logger:Gave member Madeline#0636 role halls Andrews
INFO:bruno_logger:Gave member orangey10#9786 role topics Music
INFO:bruno_logger:Gave member orangey10#9786 role halls Jameson-Mead
INFO:bruno_logger:Gave member Leg0#0867 role halls Miller
INFO:bruno_logger:Gave member Leg0#0867 role halls Miller
INFO:bruno_logger:Gave member Gianna#3774 role halls Wayland
INFO:bruno_logger:Gave member andy_dinosaur#0882 role halls Wayland
INFO:bruno_logger:Gave member aurreco#2325 role halls Everett-Poland
DEBUG:bruno_logger:('halls', 'please')
INFO:bruno_logger:Gave member Qaztar#4931 role halls Emery
INFO:bruno_logger:Gave member Katie Jain#4520 role halls Archibald-Bronson
INFO:bruno_logger:Gave member Freiigon#2659 role halls Emery
INFO:bruno_logger:Gave member HH#1032 role halls Morriss
INFO:bruno_logger:Gave member Jace#0630 role halls Metcalf
INFO:bruno_logger:Gave member Devon#7621 role halls Andrews
INFO:bruno_logger:Gave member flubbyhippo#0972 role pronouns he/him
INFO:bruno_logger:Gave member Gianna#3774 role halls Wayland
INFO:bruno_logger:Gave member samlatz#8693 role halls Andrews
INFO:bruno_logger:Gave member welcometotheclub#1502 role halls Andrews
INFO:bruno_logger:Gave member gray#7101 role halls Archibald-Bronson
INFO:bruno_logger:Gave member AlexKwonGreen (OH) 🥑#7487 role halls Champlin
INFO:bruno_logger:Gave member Lizzie Lucy#3268 role halls Archibald-Bronson
INFO:bruno_logger:Gave member lbai0326#9642 role halls Everett-Poland
INFO:bruno_logger:Gave member jessicaaa#5881 role halls Archibald-Bronson
INFO:bruno_logger:Gave member Scott Petersen - ME (He/Him)#7437 role halls Woolley
INFO:bruno_logger:Gave member happyjarb#8907 role halls Miller
INFO:bruno_logger:Gave member loganwt3#5185 role halls Jameson-Mead
INFO:bruno_logger:Gave member loganwt3#5185 role halls Jameson-Mead
INFO:bruno_logger:Gave member loganwt3#5185 role halls Jameson-Mead
INFO:bruno_logger:Gave member ChilledGumbo#9806 role halls Metcalf
INFO:bruno_logger:Gave member ChilledGumbo#9806 role halls Metcalf
INFO:bruno_logger:Gave member ChilledGumbo#9806 role halls Metcalf
INFO:bruno_logger:Gave member ChilledGumbo#9806 role halls Metcalf
INFO:bruno_logger:Gave member ChilledGumbo#9806 role halls Metcalf
INFO:bruno_logger:Gave member ChilledGumbo#9806 role halls Metcalf
INFO:bruno_logger:Gave member ChilledGumbo#9806 role halls Metcalf
INFO:bruno_logger:Gave member Nani_fc#1225 role halls Everett-Poland
INFO:bruno_logger:Gave member willm#7691 role halls Everett-Poland
INFO:bruno_logger:Gave member willm#7691 role halls Archibald-Bronson
INFO:bruno_logger:Gave member Larry#9102 role halls Andrews
DEBUG:bruno_logger:('me', 'please')
INFO:bruno_logger:Gave member Indira#7196 role halls Jameson-Mead
INFO:bruno_logger:Gave member colin#9051 role halls Metcalf
INFO:bruno_logger:Gave member Fishy#4867 role halls Metcalf
INFO:bruno_logger:Gave member Angie101#7145 role halls Andrews
INFO:bruno_logger:Gave member Angie101#7145 role halls Andrews
INFO:bruno_logger:Gave member colin#4204 role pronouns he/him
INFO:bruno_logger:Gave member colin#4204 role topics Art
INFO:bruno_logger:Gave member colin#4204 role topics Literature
INFO:bruno_logger:Gave member colin#4204 role topics Politics
INFO:bruno_logger:Gave member colin#4204 role topics Shows and Movies
INFO:bruno_logger:Gave member colin#4204 role halls Metcalf
DEBUG:bruno_logger:('me', 'please')
INFO:bruno_logger:Gave member Patrick Li#6155 role halls Andrews
INFO:bruno_logger:Gave member antminks#7554 role halls Archibald-Bronson
DEBUG:bruno_logger:('me', 'please')
INFO:bruno_logger:Gave member perfunctoryelephant#9905 role halls Andrews
INFO:bruno_logger:Gave member annette#6504 role halls Champlin
INFO:bruno_logger:Gave member Mathilde#7137 role halls Metcalf
INFO:bruno_logger:Gave member alexjwick#9385 role halls Archibald-Bronson
INFO:bruno_logger:Gave member alexjwick#9385 role halls Archibald-Bronson
INFO:bruno_logger:Gave member annette#6504 role halls Champlin
INFO:bruno_logger:Gave member annette#6504 role halls Champlin
DEBUG:bruno_logger:('CHEM330', 'please')
INFO:bruno_logger:Gave member FrankChiu123#8679 role CHEM330 CHEM330 Placements
INFO:bruno_logger:Gave member FrankChiu123#8679 role halls Wayland
INFO:bruno_logger:Gave member FrankChiu123#8679 role halls Wayland
INFO:bruno_logger:Gave member hanhhart#1956 role halls Andrews
INFO:bruno_logger:Gave member FrankChiu123#8679 role pronouns he/him
INFO:bruno_logger:Gave member ml#4378 role halls Archibald-Bronson
DEBUG:bruno_logger:('topics', 'please')
INFO:bruno_logger:Gave member FrankChiu123#8679 role topics Sports
INFO:bruno_logger:Gave member FrankChiu123#8679 role topics Technology
INFO:bruno_logger:Gave member FrankChiu123#8679 role topics Gaming
INFO:bruno_logger:Gave member FrankChiu123#8679 role topics Shows and Movies
INFO:bruno_logger:Gave member elijah#6257 role halls Metcalf
DEBUG:bruno_logger:('faqs', 'please')
INFO:bruno_logger:Gave member sswally#3206 role pronouns he/him
DEBUG:bruno_logger:('halls', 'please')
INFO:bruno_logger:Gave member Codename_X#0622 role halls Champlin
INFO:bruno_logger:Gave member sswally#3206 role halls Champlin
DEBUG:bruno_logger:('me', 'please')
INFO:bruno_logger:Gave member ChilledGumbo#9806 role halls Metcalf
DEBUG:bruno_logger:('me', 'please')
INFO:bruno_logger:Gave member m888lava#9672 role halls Miller
INFO:bruno_logger:Gave member m888lava#9672 role halls Miller
INFO:bruno_logger:Gave member khuzaima#6234 role halls Jameson-Mead
INFO:bruno_logger:Gave member msun5040#9997 role halls Wayland
INFO:bruno_logger:Gave member sbohorquez023#6175 role halls Archibald-Bronson
INFO:bruno_logger:Gave member ryan_waite#4098 role halls Morriss
INFO:bruno_logger:Gave member ryan_waite#4098 role halls Morriss
INFO:bruno_logger:Gave member evanr#5579 role halls Andrews
INFO:bruno_logger:Gave member mgrin212#1988 role halls Jameson-Mead
INFO:bruno_logger:Gave member ryan_waite#4098 role halls Morriss
INFO:bruno_logger:Gave member FrankChiu123#8679 role topics Music
INFO:bruno_logger:Gave member Kiritsugu#7581 role halls Andrews
INFO:bruno_logger:Gave member JamesL#0690 role halls Jameson-Mead
INFO:bruno_logger:Gave member Lifeless#9484 role halls Archibald-Bronson
INFO:bruno_logger:Gave member zoe420luv#5098 role halls Archibald-Bronson
INFO:bruno_logger:Gave member thiccilikenicki#2831 role halls Andrews
INFO:bruno_logger:Gave member starbound#6358 role halls Jameson-Mead
INFO:bruno_logger:Gave member lily johnson#2028 role halls Morriss
INFO:bruno_logger:Gave member elaine.wangg#2039 role halls Andrews
INFO:bruno_logger:Gave member ramen#3846 role halls Emery
INFO:bruno_logger:Gave member ramen#3846 role halls Woolley
INFO:bruno_logger:Gave member sarah!#8958 role halls Emery
INFO:bruno_logger:Gave member bryanjjeon#0519 role halls Archibald-Bronson
INFO:bruno_logger:Gave member Anitha (TX)#3176 role halls Andrews
INFO:bruno_logger:Gave member willmullen6#5820 role halls Wayland
DEBUG:bruno_logger:('me', 'please')
INFO:bruno_logger:Gave member The Swan#3988 role halls Morriss
INFO:bruno_logger:Gave member annette#6504 role topics Art
INFO:bruno_logger:Gave member annette#6504 role topics Literature
INFO:bruno_logger:Gave member annette#6504 role topics Music
INFO:bruno_logger:Gave member annette#6504 role topics Philosophy
INFO:bruno_logger:Gave member annette#6504 role topics Politics
INFO:bruno_logger:Gave member annette#6504 role topics Shows and Movies
INFO:bruno_logger:Gave member annette#6504 role topics Technology
INFO:bruno_logger:Gave member evanr#5579 role topics Gaming
DEBUG:bruno_logger:('me', 'please')
DEBUG:bruno_logger:('me', 'please')
INFO:bruno_logger:Gave member icostas14#3169 role halls Woolley
INFO:bruno_logger:Gave member aseel#7897 role halls Miller
INFO:bruno_logger:Gave member Qaztar#4931 role topics Technology
INFO:bruno_logger:Gave member denniskim21#9367 role halls Jameson-Mead
DEBUG:bruno_logger:('me', 'please')
INFO:bruno_logger:Gave member jillianbelluck#7972 role halls Andrews
INFO:bruno_logger:Gave member willmullen6#5820 role halls Wayland
DEBUG:bruno_logger:('me', 'please')
INFO:bruno_logger:Gave member Chris Kourkoulakos#8271 role halls Archibald-Bronson
INFO:bruno_logger:Gave member MStang#5619 role halls Archibald-Bronson
DEBUG:bruno_logger:('<class>', 'please')
DEBUG:bruno_logger:('<class>', 'please')
